2023-04-19 12:48:16 - C:\Users\gusta\OneDrive\Documentos\3ds Max 2022\export\Walll.obj
--------------------------------------------------
2023-04-19 12:48:16 - C:\Users\gusta\OneDrive\Documentos\3ds Max 2022\export\Wood_Wall.obj
--------------------------------------------------
2023-04-19 12:48:17 - C:\Users\gusta\OneDrive\Documentos\3ds Max 2022\export\Wood_Wall_Two_Meters.obj
--------------------------------------------------
2023-04-19 12:48:17 - C:\Users\gusta\OneDrive\Documentos\3ds Max 2022\export\StoneWall.obj
--------------------------------------------------
2023-04-19 12:48:18 - C:\Users\gusta\OneDrive\Documentos\3ds Max 2022\export\Stone_Wall_Post.obj
--------------------------------------------------
2023-04-19 12:48:19 - C:\Users\gusta\OneDrive\Documentos\3ds Max 2022\export\Stone_Post_corner.obj
--------------------------------------------------
2023-04-19 12:48:19 - C:\Users\gusta\OneDrive\Documentos\3ds Max 2022\export\Stone_Post.obj
--------------------------------------------------
2023-04-19 12:48:20 - C:\Users\gusta\OneDrive\Documentos\3ds Max 2022\export\WallStone_003.obj
--------------------------------------------------
2023-04-19 12:48:20 - C:\Users\gusta\OneDrive\Documentos\3ds Max 2022\export\Stone_Wall_big001.obj
--------------------------------------------------
2023-04-19 12:48:21 - C:\Users\gusta\OneDrive\Documentos\3ds Max 2022\export\Post.obj
--------------------------------------------------
2023-04-19 12:48:21 - C:\Users\gusta\OneDrive\Documentos\3ds Max 2022\export\Stone_Wall_Top.obj
--------------------------------------------------
2023-04-19 12:48:22 - C:\Users\gusta\OneDrive\Documentos\3ds Max 2022\export\Stone_Wall_Top_Corner.obj
--------------------------------------------------
2023-04-19 12:48:23 - C:\Users\gusta\OneDrive\Documentos\3ds Max 2022\export\Floor.obj
--------------------------------------------------
2023-04-19 12:48:23 - C:\Users\gusta\OneDrive\Documentos\3ds Max 2022\export\Stone_Wall_Top_Corner_Large.obj
--------------------------------------------------
2023-04-19 12:48:24 - C:\Users\gusta\OneDrive\Documentos\3ds Max 2022\export\Box031.obj
--------------------------------------------------
2023-04-19 12:48:25 - C:\Users\gusta\OneDrive\Documentos\3ds Max 2022\export\StoneWall_Window.obj
--------------------------------------------------
2023-04-19 12:48:25 - C:\Users\gusta\OneDrive\Documentos\3ds Max 2022\export\StoneWall_Window_Two.obj
--------------------------------------------------
2023-04-19 12:48:26 - C:\Users\gusta\OneDrive\Documentos\3ds Max 2022\export\StoneWall_Conection.obj
--------------------------------------------------
2023-04-19 12:48:27 - C:\Users\gusta\OneDrive\Documentos\3ds Max 2022\export\Stone_Wall_Top001.obj
--------------------------------------------------
2023-04-19 12:48:27 - C:\Users\gusta\OneDrive\Documentos\3ds Max 2022\export\Stone_Wall_big.obj
--------------------------------------------------
2023-04-19 12:48:28 - C:\Users\gusta\OneDrive\Documentos\3ds Max 2022\export\Stone_Wall_big_corner.obj
--------------------------------------------------
2023-04-19 12:48:28 - C:\Users\gusta\OneDrive\Documentos\3ds Max 2022\export\Stone_Wall_slim_top.obj
--------------------------------------------------
2023-04-19 12:48:29 - C:\Users\gusta\OneDrive\Documentos\3ds Max 2022\export\Walll005.obj
--------------------------------------------------
2023-04-19 12:48:30 - C:\Users\gusta\OneDrive\Documentos\3ds Max 2022\export\post_ceiling_square.obj
--------------------------------------------------
2023-04-19 12:48:30 - C:\Users\gusta\OneDrive\Documentos\3ds Max 2022\export\Post_Upper.obj
--------------------------------------------------
2023-04-19 12:48:31 - C:\Users\gusta\OneDrive\Documentos\3ds Max 2022\export\Post002.obj
--------------------------------------------------
2023-04-19 12:48:31 - C:\Users\gusta\OneDrive\Documentos\3ds Max 2022\export\Viga_EntrePisos.obj
--------------------------------------------------
2023-04-19 12:48:32 - C:\Users\gusta\OneDrive\Documentos\3ds Max 2022\export\Box038.obj
--------------------------------------------------
2023-04-19 12:48:32 - C:\Users\gusta\OneDrive\Documentos\3ds Max 2022\export\Box040.obj
--------------------------------------------------
2023-04-19 12:48:33 - C:\Users\gusta\OneDrive\Documentos\3ds Max 2022\export\Viga_EntrePisos002.obj
--------------------------------------------------
2023-04-19 12:48:34 - C:\Users\gusta\OneDrive\Documentos\3ds Max 2022\export\WallStone_01.obj
--------------------------------------------------
2023-04-19 12:48:34 - C:\Users\gusta\OneDrive\Documentos\3ds Max 2022\export\WallStone_2.obj
--------------------------------------------------
2023-04-19 12:48:35 - C:\Users\gusta\OneDrive\Documentos\3ds Max 2022\export\WallStone_Corner_02.obj
--------------------------------------------------
2023-04-19 12:48:35 - C:\Users\gusta\OneDrive\Documentos\3ds Max 2022\export\WallStone_Corner_01.obj
--------------------------------------------------
2023-04-19 12:48:36 - C:\Users\gusta\OneDrive\Documentos\3ds Max 2022\export\WallPillar_01.obj
--------------------------------------------------
2023-04-19 12:48:37 - C:\Users\gusta\OneDrive\Documentos\3ds Max 2022\export\WallPillar_01.obj
--------------------------------------------------
2023-04-19 12:48:37 - C:\Users\gusta\OneDrive\Documentos\3ds Max 2022\export\WallConectorS.obj
--------------------------------------------------
2023-04-19 12:48:38 - C:\Users\gusta\OneDrive\Documentos\3ds Max 2022\export\WoodConector.obj
--------------------------------------------------
2023-04-19 12:48:38 - C:\Users\gusta\OneDrive\Documentos\3ds Max 2022\export\Stone_Pillar.obj
--------------------------------------------------
2023-04-19 12:48:39 - C:\Users\gusta\OneDrive\Documentos\3ds Max 2022\export\Cylinder001.obj
--------------------------------------------------
2023-04-19 12:48:40 - C:\Users\gusta\OneDrive\Documentos\3ds Max 2022\export\WoodWall_Window004.obj
--------------------------------------------------
2023-04-19 12:48:40 - C:\Users\gusta\OneDrive\Documentos\3ds Max 2022\export\WoodWall_Window005.obj
--------------------------------------------------
2023-04-19 12:48:41 - C:\Users\gusta\OneDrive\Documentos\3ds Max 2022\export\PillarWood.obj
--------------------------------------------------
2023-04-19 12:48:41 - C:\Users\gusta\OneDrive\Documentos\3ds Max 2022\export\PillarWood.obj
--------------------------------------------------
2023-04-19 12:48:42 - C:\Users\gusta\OneDrive\Documentos\3ds Max 2022\export\Tower_tip.obj
--------------------------------------------------
2023-04-19 12:48:43 - C:\Users\gusta\OneDrive\Documentos\3ds Max 2022\export\_Tower.obj
--------------------------------------------------
